<?xml version="1.0" encoding="UTF-8"?>
<!-- Generated by org.testng.reporters.JUnitReportReporter -->
<testsuite skipped="0" hostname="Igor-PC" name="podeliNaSlogove.saf.test.LoginTestCases" tests="1" failures="0" timestamp="30 Oct 2019 17:15:55 GMT" time="0.824" errors="0">
  <testcase name="Pocetna" time="0.824" classname="podeliNaSlogove.saf.test.LoginTestCases"/>
</testsuite> <!-- podeliNaSlogove.saf.test.LoginTestCases -->
