<?xml version="1.0" encoding="UTF-8"?>
<!-- Generated by org.testng.reporters.JUnitReportReporter -->
<testsuite skipped="0" hostname="Igor-PC" name="podeliNaSlogove.saf.test.NavPocetna" tests="1" failures="0" timestamp="30 Oct 2019 17:52:36 GMT" time="1.343" errors="0">
  <testcase name="Pocetna" time="1.343" classname="podeliNaSlogove.saf.test.NavPocetna"/>
</testsuite> <!-- podeliNaSlogove.saf.test.NavPocetna -->
