<?xml version="1.0" encoding="UTF-8"?>
<!-- Generated by org.testng.reporters.JUnitReportReporter -->
<testsuite skipped="0" hostname="Igor-PC" name="podeliNaSlogove.saf.test.NavPogresnaPodela" tests="1" failures="0" timestamp="30 Oct 2019 17:52:36 GMT" time="0.524" errors="0">
  <testcase name="PrijaviPogresnuPodelu" time="0.524" classname="podeliNaSlogove.saf.test.NavPogresnaPodela"/>
</testsuite> <!-- podeliNaSlogove.saf.test.NavPogresnaPodela -->
