<?xml version="1.0" encoding="UTF-8"?>
<!-- Generated by org.testng.reporters.JUnitReportReporter -->
<testsuite skipped="0" hostname="Igor-PC" name="podeliNaSlogove.saf.test.EnterSubmitReport" tests="1" failures="0" timestamp="30 Oct 2019 17:52:36 GMT" time="0.381" errors="0">
  <testcase name="enterWord" time="0.381" classname="podeliNaSlogove.saf.test.EnterSubmitReport"/>
</testsuite> <!-- podeliNaSlogove.saf.test.EnterSubmitReport -->
